{"uid":"883b53df7b4f88e9","name":"checkCheckoutButton","fullName":"tests.CartTest.checkCheckoutButton","historyId":"4d48e6009bed72affbd6bb265cb01594","time":{"start":1765534658426,"stop":1765534658427,"duration":1},"status":"skipped","statusMessage":"java.util.concurrent.TimeoutException\nBuild info: version: '4.32.0', revision: 'd17c8aa950'\nSystem info: os.name: 'Linux', os.arch: 'amd64', os.version: '6.11.0-1018-azure', java.version: '17.0.17'\nDriver info: org.openqa.selenium.edge.EdgeDriver\nCommand: [87ddd656895d131d0acd7c930222b234, maximizeCurrentWindow {}]\nCapabilities {acceptInsecureCerts: false, browserName: MicrosoftEdge, browserVersion: 143.0.3650.66, fedcm:accounts: true, goog:processID: 2793, ms:edgeOptions: {debuggerAddress: localhost:34921}, msedge: {msedgedriverVersion: 143.0.3650.66 (507b0dd34c3d..., userDataDir: /tmp/.com.microsoft.Edge.sc...}, networkConnectionEnabled: false, pageLoadStrategy: normal, platformName: linux, proxy: Proxy(), se:cdp: ws://localhost:34921/devtoo..., se:cdpVersion: 143.0.3650.66, setWindowRect: true, strictFileInteractability: false, timeouts: {implicit: 0, pageLoad: 300000, script: 30000}, unhandledPromptBehavior: dismiss and notify, webauthn:extension:credBlob: true, webauthn:extension:largeBlob: true, webauthn:extension:minPinLength: true, webauthn:extension:prf: true, webauthn:virtualAuthenticators: true}\nSession ID: 87ddd656895d131d0acd7c930222b234","statusTrace":"org.openqa.selenium.TimeoutException: java.util.concurrent.TimeoutException\nBuild info: version: '4.32.0', revision: 'd17c8aa950'\nSystem info: os.name: 'Linux', os.arch: 'amd64', os.version: '6.11.0-1018-azure', java.version: '17.0.17'\nDriver info: org.openqa.selenium.edge.EdgeDriver\nCommand: [87ddd656895d131d0acd7c930222b234, maximizeCurrentWindow {}]\nCapabilities {acceptInsecureCerts: false, browserName: MicrosoftEdge, browserVersion: 143.0.3650.66, fedcm:accounts: true, goog:processID: 2793, ms:edgeOptions: {debuggerAddress: localhost:34921}, msedge: {msedgedriverVersion: 143.0.3650.66 (507b0dd34c3d..., userDataDir: /tmp/.com.microsoft.Edge.sc...}, networkConnectionEnabled: false, pageLoadStrategy: normal, platformName: linux, proxy: Proxy(), se:cdp: ws://localhost:34921/devtoo..., se:cdpVersion: 143.0.3650.66, setWindowRect: true, strictFileInteractability: false, timeouts: {implicit: 0, pageLoad: 300000, script: 30000}, unhandledPromptBehavior: dismiss and notify, webauthn:extension:credBlob: true, webauthn:extension:largeBlob: true, webauthn:extension:minPinLength: true, webauthn:extension:prf: true, webauthn:virtualAuthenticators: true}\nSession ID: 87ddd656895d131d0acd7c930222b234\n\tat org.openqa.selenium.remote.http.jdk.JdkHttpClient.execute(JdkHttpClient.java:427)\n\tat org.openqa.selenium.remote.HttpCommandExecutor.execute(HttpCommandExecutor.java:212)\n\tat org.openqa.selenium.remote.service.DriverCommandExecutor.invokeExecute(DriverCommandExecutor.java:216)\n\tat org.openqa.selenium.remote.service.DriverCommandExecutor.execute(DriverCommandExecutor.java:174)\n\tat org.openqa.selenium.remote.RemoteWebDriver.execute(RemoteWebDriver.java:545)\n\tat org.openqa.selenium.remote.RemoteWebDriver.execute(RemoteWebDriver.java:618)\n\tat org.openqa.selenium.remote.RemoteWebDriver.execute(RemoteWebDriver.java:622)\n\tat org.openqa.selenium.remote.RemoteWebDriver$RemoteWebDriverOptions$RemoteWindow.maximize(RemoteWebDriver.java:1067)\n\tat tests.BaseTest.setup(BaseTest.java:52)\n\tat java.base/jdk.internal.reflect.NativeMethodAccessorImpl.invoke0(Native Method)\n\tat java.base/jdk.internal.reflect.NativeMethodAccessorImpl.invoke(NativeMethodAccessorImpl.java:77)\n\tat java.base/jdk.internal.reflect.DelegatingMethodAccessorImpl.invoke(DelegatingMethodAccessorImpl.java:43)\n\tat java.base/java.lang.reflect.Method.invoke(Method.java:569)\n\tat org.testng.internal.invokers.MethodInvocationHelper.invokeMethod(MethodInvocationHelper.java:141)\n\tat org.testng.internal.invokers.MethodInvocationHelper.invokeMethodConsideringTimeout(MethodInvocationHelper.java:71)\n\tat org.testng.internal.invokers.ConfigInvoker.invokeConfigurationMethod(ConfigInvoker.java:400)\n\tat org.testng.internal.invokers.ConfigInvoker.invokeConfigurations(ConfigInvoker.java:333)\n\tat org.testng.internal.invokers.TestInvoker.runConfigMethods(TestInvoker.java:836)\n\tat org.testng.internal.invokers.TestInvoker.invokeMethod(TestInvoker.java:601)\n\tat org.testng.internal.invokers.TestInvoker.invokeTestMethod(TestInvoker.java:230)\n\tat org.testng.internal.invokers.MethodRunner.runInSequence(MethodRunner.java:63)\n\tat org.testng.internal.invokers.TestInvoker$MethodInvocationAgent.invoke(TestInvoker.java:995)\n\tat org.testng.internal.invokers.TestInvoker.invokeTestMethods(TestInvoker.java:203)\n\tat org.testng.internal.invokers.TestMethodWorker.invokeTestMethods(TestMethodWorker.java:154)\n\tat org.testng.internal.invokers.TestMethodWorker.run(TestMethodWorker.java:134)\n\tat java.base/java.util.ArrayList.forEach(ArrayList.java:1511)\n\tat org.testng.TestRunner.privateRun(TestRunner.java:741)\n\tat org.testng.TestRunner.run(TestRunner.java:616)\n\tat org.testng.SuiteRunner.runTest(SuiteRunner.java:421)\n\tat org.testng.SuiteRunner$SuiteWorker.run(SuiteRunner.java:463)\n\tat org.testng.internal.thread.ThreadUtil.lambda$execute$0(ThreadUtil.java:64)\n\tat java.base/java.util.concurrent.FutureTask.run(FutureTask.java:264)\n\tat java.base/java.util.concurrent.ThreadPoolExecutor.runWorker(ThreadPoolExecutor.java:1136)\n\tat java.base/java.util.concurrent.ThreadPoolExecutor$Worker.run(ThreadPoolExecutor.java:635)\n\tat java.base/java.lang.Thread.run(Thread.java:840)\nCaused by: java.util.concurrent.TimeoutException\n\tat java.base/java.util.concurrent.CompletableFuture$Timeout.run(CompletableFuture.java:2874)\n\tat java.base/java.util.concurrent.Executors$RunnableAdapter.call(Executors.java:539)\n\tat java.base/java.util.concurrent.FutureTask.run(FutureTask.java:264)\n\tat java.base/java.util.concurrent.ScheduledThreadPoolExecutor$ScheduledFutureTask.run(ScheduledThreadPoolExecutor.java:304)\n\t... 3 more\n","flaky":false,"newFailed":false,"newBroken":false,"newPassed":false,"retriesCount":0,"retriesStatusChange":false,"beforeStages":[{"name":"setup","time":{"start":1765534433115,"stop":1765534658417,"duration":225302},"description":"","status":"broken","statusMessage":"java.util.concurrent.TimeoutException\nBuild info: version: '4.32.0', revision: 'd17c8aa950'\nSystem info: os.name: 'Linux', os.arch: 'amd64', os.version: '6.11.0-1018-azure', java.version: '17.0.17'\nDriver info: org.openqa.selenium.edge.EdgeDriver\nCommand: [87ddd656895d131d0acd7c930222b234, maximizeCurrentWindow {}]\nCapabilities {acceptInsecureCerts: false, browserName: MicrosoftEdge, browserVersion: 143.0.3650.66, fedcm:accounts: true, goog:processID: 2793, ms:edgeOptions: {debuggerAddress: localhost:34921}, msedge: {msedgedriverVersion: 143.0.3650.66 (507b0dd34c3d..., userDataDir: /tmp/.com.microsoft.Edge.sc...}, networkConnectionEnabled: false, pageLoadStrategy: normal, platformName: linux, proxy: Proxy(), se:cdp: ws://localhost:34921/devtoo..., se:cdpVersion: 143.0.3650.66, setWindowRect: true, strictFileInteractability: false, timeouts: {implicit: 0, pageLoad: 300000, script: 30000}, unhandledPromptBehavior: dismiss and notify, webauthn:extension:credBlob: true, webauthn:extension:largeBlob: true, webauthn:extension:minPinLength: true, webauthn:extension:prf: true, webauthn:virtualAuthenticators: true}\nSession ID: 87ddd656895d131d0acd7c930222b234","statusTrace":"org.openqa.selenium.TimeoutException: java.util.concurrent.TimeoutException\nBuild info: version: '4.32.0', revision: 'd17c8aa950'\nSystem info: os.name: 'Linux', os.arch: 'amd64', os.version: '6.11.0-1018-azure', java.version: '17.0.17'\nDriver info: org.openqa.selenium.edge.EdgeDriver\nCommand: [87ddd656895d131d0acd7c930222b234, maximizeCurrentWindow {}]\nCapabilities {acceptInsecureCerts: false, browserName: MicrosoftEdge, browserVersion: 143.0.3650.66, fedcm:accounts: true, goog:processID: 2793, ms:edgeOptions: {debuggerAddress: localhost:34921}, msedge: {msedgedriverVersion: 143.0.3650.66 (507b0dd34c3d..., userDataDir: /tmp/.com.microsoft.Edge.sc...}, networkConnectionEnabled: false, pageLoadStrategy: normal, platformName: linux, proxy: Proxy(), se:cdp: ws://localhost:34921/devtoo..., se:cdpVersion: 143.0.3650.66, setWindowRect: true, strictFileInteractability: false, timeouts: {implicit: 0, pageLoad: 300000, script: 30000}, unhandledPromptBehavior: dismiss and notify, webauthn:extension:credBlob: true, webauthn:extension:largeBlob: true, webauthn:extension:minPinLength: true, webauthn:extension:prf: true, webauthn:virtualAuthenticators: true}\nSession ID: 87ddd656895d131d0acd7c930222b234\n\tat org.openqa.selenium.remote.http.jdk.JdkHttpClient.execute(JdkHttpClient.java:427)\n\tat org.openqa.selenium.remote.HttpCommandExecutor.execute(HttpCommandExecutor.java:212)\n\tat org.openqa.selenium.remote.service.DriverCommandExecutor.invokeExecute(DriverCommandExecutor.java:216)\n\tat org.openqa.selenium.remote.service.DriverCommandExecutor.execute(DriverCommandExecutor.java:174)\n\tat org.openqa.selenium.remote.RemoteWebDriver.execute(RemoteWebDriver.java:545)\n\tat org.openqa.selenium.remote.RemoteWebDriver.execute(RemoteWebDriver.java:618)\n\tat org.openqa.selenium.remote.RemoteWebDriver.execute(RemoteWebDriver.java:622)\n\tat org.openqa.selenium.remote.RemoteWebDriver$RemoteWebDriverOptions$RemoteWindow.maximize(RemoteWebDriver.java:1067)\n\tat tests.BaseTest.setup(BaseTest.java:52)\n\tat java.base/jdk.internal.reflect.NativeMethodAccessorImpl.invoke0(Native Method)\n\tat java.base/jdk.internal.reflect.NativeMethodAccessorImpl.invoke(NativeMethodAccessorImpl.java:77)\n\tat java.base/jdk.internal.reflect.DelegatingMethodAccessorImpl.invoke(DelegatingMethodAccessorImpl.java:43)\n\tat java.base/java.lang.reflect.Method.invoke(Method.java:569)\n\tat org.testng.internal.invokers.MethodInvocationHelper.invokeMethod(MethodInvocationHelper.java:141)\n\tat org.testng.internal.invokers.MethodInvocationHelper.invokeMethodConsideringTimeout(MethodInvocationHelper.java:71)\n\tat org.testng.internal.invokers.ConfigInvoker.invokeConfigurationMethod(ConfigInvoker.java:400)\n\tat org.testng.internal.invokers.ConfigInvoker.invokeConfigurations(ConfigInvoker.java:333)\n\tat org.testng.internal.invokers.TestInvoker.runConfigMethods(TestInvoker.java:836)\n\tat org.testng.internal.invokers.TestInvoker.invokeMethod(TestInvoker.java:601)\n\tat org.testng.internal.invokers.TestInvoker.invokeTestMethod(TestInvoker.java:230)\n\tat org.testng.internal.invokers.MethodRunner.runInSequence(MethodRunner.java:63)\n\tat org.testng.internal.invokers.TestInvoker$MethodInvocationAgent.invoke(TestInvoker.java:995)\n\tat org.testng.internal.invokers.TestInvoker.invokeTestMethods(TestInvoker.java:203)\n\tat org.testng.internal.invokers.TestMethodWorker.invokeTestMethods(TestMethodWorker.java:154)\n\tat org.testng.internal.invokers.TestMethodWorker.run(TestMethodWorker.java:134)\n\tat java.base/java.util.ArrayList.forEach(ArrayList.java:1511)\n\tat org.testng.TestRunner.privateRun(TestRunner.java:741)\n\tat org.testng.TestRunner.run(TestRunner.java:616)\n\tat org.testng.SuiteRunner.runTest(SuiteRunner.java:421)\n\tat org.testng.SuiteRunner$SuiteWorker.run(SuiteRunner.java:463)\n\tat org.testng.internal.thread.ThreadUtil.lambda$execute$0(ThreadUtil.java:64)\n\tat java.base/java.util.concurrent.FutureTask.run(FutureTask.java:264)\n\tat java.base/java.util.concurrent.ThreadPoolExecutor.runWorker(ThreadPoolExecutor.java:1136)\n\tat java.base/java.util.concurrent.ThreadPoolExecutor$Worker.run(ThreadPoolExecutor.java:635)\n\tat java.base/java.lang.Thread.run(Thread.java:840)\nCaused by: java.util.concurrent.TimeoutException\n\tat java.base/java.util.concurrent.CompletableFuture$Timeout.run(CompletableFuture.java:2874)\n\tat java.base/java.util.concurrent.Executors$RunnableAdapter.call(Executors.java:539)\n\tat java.base/java.util.concurrent.FutureTask.run(FutureTask.java:264)\n\tat java.base/java.util.concurrent.ScheduledThreadPoolExecutor$ScheduledFutureTask.run(ScheduledThreadPoolExecutor.java:304)\n\t... 3 more\n","steps":[],"attachments":[],"parameters":[],"stepsCount":0,"shouldDisplayMessage":true,"attachmentsCount":0,"hasContent":true,"attachmentStep":false}],"afterStages":[{"name":"tearDown","time":{"start":1765534658428,"stop":1765534699436,"duration":41008},"description":"","status":"passed","steps":[],"attachments":[],"parameters":[],"stepsCount":0,"shouldDisplayMessage":false,"attachmentsCount":0,"hasContent":false,"attachmentStep":false}],"labels":[{"name":"package","value":"tests.CartTest"},{"name":"testClass","value":"tests.CartTest"},{"name":"testMethod","value":"checkCheckoutButton"},{"name":"parentSuite","value":"Sauce Demo Smoke Test"},{"name":"suite","value":"Firefox"},{"name":"subSuite","value":"tests.CartTest"},{"name":"host","value":"runnervm6qbrg"},{"name":"thread","value":"2611@runnervm6qbrg.TestNG-tests-2(21)"},{"name":"framework","value":"testng"},{"name":"language","value":"java"},{"name":"resultFormat","value":"allure2"}],"parameters":[{"name":"browser","value":"edge"}],"links":[],"hidden":false,"retry":false,"extra":{"severity":"normal","retries":[],"categories":[],"history":{"statistic":{"failed":0,"broken":0,"skipped":2,"passed":27,"unknown":0,"total":29},"items":[{"uid":"68cc9b29944640bc","reportUrl":"https://borodicht.github.io/SauceDemoBBS02/36/#testresult/68cc9b29944640bc","status":"passed","time":{"start":1764929648711,"stop":1764929651150,"duration":2439}},{"uid":"f710bf83a7479274","reportUrl":"https://borodicht.github.io/SauceDemoBBS02/35/#testresult/f710bf83a7479274","status":"passed","time":{"start":1764324835382,"stop":1764324837249,"duration":1867}},{"uid":"1a1ac004f07f58e3","reportUrl":"https://borodicht.github.io/SauceDemoBBS02/34/#testresult/1a1ac004f07f58e3","status":"passed","time":{"start":1763720005269,"stop":1763720007282,"duration":2013}},{"uid":"b83a4cc67cbf7bd2","reportUrl":"https://borodicht.github.io/SauceDemoBBS02/33/#testresult/b83a4cc67cbf7bd2","status":"passed","time":{"start":1763115267743,"stop":1763115269950,"duration":2207}},{"uid":"eea2358bb45bca84","reportUrl":"https://borodicht.github.io/SauceDemoBBS02/32/#testresult/eea2358bb45bca84","status":"passed","time":{"start":1762510427323,"stop":1762510429886,"duration":2563}},{"uid":"d75baebcaa0f6565","reportUrl":"https://borodicht.github.io/SauceDemoBBS02/31/#testresult/d75baebcaa0f6565","status":"passed","time":{"start":1761905572644,"stop":1761905574531,"duration":1887}},{"uid":"38e8caa8443029e1","reportUrl":"https://borodicht.github.io/SauceDemoBBS02/30/#testresult/38e8caa8443029e1","status":"passed","time":{"start":1761300837369,"stop":1761300840137,"duration":2768}},{"uid":"a9c29b3c2c365f9d","reportUrl":"https://borodicht.github.io/SauceDemoBBS02/29/#testresult/a9c29b3c2c365f9d","status":"passed","time":{"start":1760695970709,"stop":1760695972502,"duration":1793}},{"uid":"6db360069b53bc83","reportUrl":"https://borodicht.github.io/SauceDemoBBS02/28/#testresult/6db360069b53bc83","status":"skipped","statusDetails":"java.util.concurrent.TimeoutException\nBuild info: version: '4.32.0', revision: 'd17c8aa950'\nSystem info: os.name: 'Linux', os.arch: 'amd64', os.version: '6.11.0-1018-azure', java.version: '17.0.16'\nDriver info: org.openqa.selenium.edge.EdgeDriver\nCommand: [b3215e42be95322cbb769958e57d4249, maximizeCurrentWindow {}]\nCapabilities {acceptInsecureCerts: false, browserName: MicrosoftEdge, browserVersion: 140.0.3485.94, fedcm:accounts: true, ms:edgeOptions: {debuggerAddress: localhost:33397}, msedge: {msedgedriverVersion: 140.0.3485.94 (9831641b47fb..., userDataDir: /tmp/.com.microsoft.Edge.vT...}, networkConnectionEnabled: false, pageLoadStrategy: normal, platformName: linux, proxy: Proxy(), se:cdp: ws://localhost:33397/devtoo..., se:cdpVersion: 140.0.3485.94, setWindowRect: true, strictFileInteractability: false, timeouts: {implicit: 0, pageLoad: 300000, script: 30000}, unhandledPromptBehavior: dismiss and notify, webauthn:extension:credBlob: true, webauthn:extension:largeBlob: true, webauthn:extension:minPinLength: true, webauthn:extension:prf: true, webauthn:virtualAuthenticators: true}\nSession ID: b3215e42be95322cbb769958e57d4249","time":{"start":1760091392562,"stop":1760091392563,"duration":1}},{"uid":"482b01932176d967","reportUrl":"https://borodicht.github.io/SauceDemoBBS02/27/#testresult/482b01932176d967","status":"passed","time":{"start":1759486337747,"stop":1759486339680,"duration":1933}},{"uid":"41a2d1238eee83a8","reportUrl":"https://borodicht.github.io/SauceDemoBBS02/26/#testresult/41a2d1238eee83a8","status":"passed","time":{"start":1758881535378,"stop":1758881538815,"duration":3437}},{"uid":"1205397788c68c5d","reportUrl":"https://borodicht.github.io/SauceDemoBBS02/25/#testresult/1205397788c68c5d","status":"passed","time":{"start":1758276820631,"stop":1758276823519,"duration":2888}},{"uid":"9fe16145c4acc71f","reportUrl":"https://borodicht.github.io/SauceDemoBBS02/24/#testresult/9fe16145c4acc71f","status":"passed","time":{"start":1757671944007,"stop":1757671946916,"duration":2909}},{"uid":"dcf157913d1f8eae","reportUrl":"https://borodicht.github.io/SauceDemoBBS02/23/#testresult/dcf157913d1f8eae","status":"passed","time":{"start":1757067127415,"stop":1757067130043,"duration":2628}},{"uid":"9a442fdd84ae9e86","reportUrl":"https://borodicht.github.io/SauceDemoBBS02/22/#testresult/9a442fdd84ae9e86","status":"passed","time":{"start":1756462340141,"stop":1756462342334,"duration":2193}},{"uid":"e3ac58a03f6c5a72","reportUrl":"https://borodicht.github.io/SauceDemoBBS02/21/#testresult/e3ac58a03f6c5a72","status":"passed","time":{"start":1755857546504,"stop":1755857548507,"duration":2003}},{"uid":"ded020a71376f22","reportUrl":"https://borodicht.github.io/SauceDemoBBS02/20/#testresult/ded020a71376f22","status":"passed","time":{"start":1755252769793,"stop":1755252771340,"duration":1547}},{"uid":"3564d58465dff1d9","reportUrl":"https://borodicht.github.io/SauceDemoBBS02/19//#testresult/3564d58465dff1d9","status":"passed","time":{"start":1754648017018,"stop":1754648018744,"duration":1726}},{"uid":"4c381129410b3c9a","reportUrl":"https://borodicht.github.io/SauceDemoBBS02/18//#testresult/4c381129410b3c9a","status":"passed","time":{"start":1754043265022,"stop":1754043267991,"duration":2969}},{"uid":"57c06bf064402c9e","reportUrl":"https://borodicht.github.io/SauceDemoBBS02/17//#testresult/57c06bf064402c9e","status":"passed","time":{"start":1753438415144,"stop":1753438417741,"duration":2597}}]},"tags":[]},"source":"883b53df7b4f88e9.json","parameterValues":["edge"]}